This is pdfTeX, Version 3.1415926-2.5-1.40.14 (TeX Live 2013) (format=pdflatex 2013.5.30)  2 FEB 2016 22:34
entering extended mode
 restricted \write18 enabled.
 %&-line parsing enabled.
**SPIE_2014_lukasc_v2b.tex
(./SPIE_2014_lukasc_v2b.tex
LaTeX2e <2011/06/27>
Babel <3.9f> and hyphenation patterns for 78 languages loaded.
(/usr/local/texlive/2013/texmf-dist/tex/latex/spie/spie.cls
Document Class: spie 2007/04/14 v3.25 SPIE Proceedings class
(/usr/local/texlive/2013/texmf-dist/tex/latex/base/article.cls
Document Class: article 2007/10/19 v1.4h Standard LaTeX document class
(/usr/local/texlive/2013/texmf-dist/tex/latex/base/size10.clo
File: size10.clo 2007/10/19 v1.4h Standard LaTeX file (size option)
)
\c@part=\count79
\c@section=\count80
\c@subsection=\count81
\c@subsubsection=\count82
\c@paragraph=\count83
\c@subparagraph=\count84
\c@figure=\count85
\c@table=\count86
\abovecaptionskip=\skip41
\belowcaptionskip=\skip42
\bibindent=\dimen102
)
ten-point font
(/usr/local/texlive/2013/texmf-dist/tex/latex/base/ifthen.sty
Package: ifthen 2001/05/26 v1.1c Standard LaTeX ifthen package (DPC)
)
(/usr/local/texlive/2013/texmf-dist/tex/latex/cite/cite.sty
LaTeX Info: Redefining \cite on input line 302.
LaTeX Info: Redefining \nocite on input line 373.
Package: cite 2010/09/10  v 5.3
LaTeX Info: Redefining \cite on input line 464.
)
\c@theorem=\count87
)
(/usr/local/texlive/2013/texmf-dist/tex/latex/psnfss/times.sty
Package: times 2005/04/12 PSNFSS-v9.2a (SPQR) 
)
(/usr/local/texlive/2013/texmf-dist/tex/latex/subfig/subfig.sty
Package: subfig 2005/06/28 ver: 1.3 subfig package

(/usr/local/texlive/2013/texmf-dist/tex/latex/graphics/keyval.sty
Package: keyval 1999/03/16 v1.13 key=value parser (DPC)
\KV@toks@=\toks14
)
(/usr/local/texlive/2013/texmf-dist/tex/latex/caption/caption.sty
Package: caption 2013/05/02 v3.3-89 Customizing captions (AR)

(/usr/local/texlive/2013/texmf-dist/tex/latex/caption/caption3.sty
Package: caption3 2013/05/02 v1.6-88 caption3 kernel (AR)
Package caption3 Info: TeX engine: e-TeX on input line 57.
\captionmargin=\dimen103
\captionmargin@=\dimen104
\captionwidth=\dimen105
\caption@tempdima=\dimen106
\caption@indent=\dimen107
\caption@parindent=\dimen108
\caption@hangindent=\dimen109
Package caption Info: Unknown document class (or package),
(caption)             standard defaults will be used.
)

Package caption Warning: Unsupported document class (or package) detected,
(caption)                usage of the caption package is not recommended.
See the caption package documentation for explanation.

Package caption Info: \@makecaption = \long macro:#1#2->\vskip \abovecaptionski
p \sbox \@tempboxa {{\footnotesize #1.\ }{\footnotesize #2}}\ifdim \wd \@tempbo
xa >\hsize {\footnotesize #1.\ }{\footnotesize #2 \par } \else \global \@minipa
gefalse \hb@xt@ \hsize {\hfil \box \@tempboxa \hfil }\fi \vskip \belowcaptionsk
ip .
\c@ContinuedFloat=\count88
)
\c@KVtest=\count89
\sf@farskip=\skip43
\sf@captopadj=\dimen110
\sf@capskip=\skip44
\sf@nearskip=\skip45
\c@subfigure=\count90
\c@subfigure@save=\count91
\c@lofdepth=\count92
\c@subtable=\count93
\c@subtable@save=\count94
\c@lotdepth=\count95
\sf@top=\skip46
\sf@bottom=\skip47
) (/usr/local/texlive/2013/texmf-dist/tex/latex/soul/soul.sty
Package: soul 2003/11/17 v2.4 letterspacing/underlining (mf)
\SOUL@word=\toks15
\SOUL@lasttoken=\toks16
\SOUL@cmds=\toks17
\SOUL@buffer=\toks18
\SOUL@token=\toks19
\SOUL@spaceskip=\skip48
\SOUL@ttwidth=\dimen111
\SOUL@uldp=\dimen112
\SOUL@ulht=\dimen113
)
(/usr/local/texlive/2013/texmf-dist/tex/latex/graphics/graphicx.sty
Package: graphicx 1999/02/16 v1.0f Enhanced LaTeX Graphics (DPC,SPQR)

(/usr/local/texlive/2013/texmf-dist/tex/latex/graphics/graphics.sty
Package: graphics 2009/02/05 v1.0o Standard LaTeX Graphics (DPC,SPQR)

(/usr/local/texlive/2013/texmf-dist/tex/latex/graphics/trig.sty
Package: trig 1999/03/16 v1.09 sin cos tan (DPC)
)
(/usr/local/texlive/2013/texmf-dist/tex/latex/latexconfig/graphics.cfg
File: graphics.cfg 2010/04/23 v1.9 graphics configuration of TeX Live
)
Package graphics Info: Driver file: pdftex.def on input line 91.

(/usr/local/texlive/2013/texmf-dist/tex/latex/pdftex-def/pdftex.def
File: pdftex.def 2011/05/27 v0.06d Graphics/color for pdfTeX

(/usr/local/texlive/2013/texmf-dist/tex/generic/oberdiek/infwarerr.sty
Package: infwarerr 2010/04/08 v1.3 Providing info/warning/error messages (HO)
)
(/usr/local/texlive/2013/texmf-dist/tex/generic/oberdiek/ltxcmds.sty
Package: ltxcmds 2011/11/09 v1.22 LaTeX kernel commands for general use (HO)
)
\Gread@gobject=\count96
))
\Gin@req@height=\dimen114
\Gin@req@width=\dimen115
)
(/usr/local/texlive/2013/texmf-dist/tex/latex/url/url.sty
\Urlmuskip=\muskip10
Package: url 2006/04/12  ver 3.3  Verb mode for urls, etc.
)
(/usr/local/texlive/2013/texmf-dist/tex/latex/siunitx/siunitx.sty
(/usr/local/texlive/2013/texmf-dist/tex/latex/l3kernel/expl3.sty
(/usr/local/texlive/2013/texmf-dist/tex/latex/l3kernel/l3names.sty
(/usr/local/texlive/2013/texmf-dist/tex/latex/l3kernel/l3bootstrap.sty
Package: l3bootstrap 2013/01/08 v4420 L3 Experimental bootstrap code
)
Package: l3names 2012/12/07 v4346 L3 Namespace for primitives
)
(/usr/local/texlive/2013/texmf-dist/tex/latex/etex-pkg/etex.sty
Package: etex 1998/03/26 v2.0 eTeX basic definition package (PEB)
\et@xins=\count97
)
Package: expl3 2013/03/14 v4469 L3 Experimental code bundle wrapper

(/usr/local/texlive/2013/texmf-dist/tex/latex/l3kernel/l3basics.sty
Package: l3basics 2013/01/10 v4428 L3 Basic definitions
)
(/usr/local/texlive/2013/texmf-dist/tex/latex/l3kernel/l3expan.sty
Package: l3expan 2013/02/03 v4458 L3 Argument expansion
)
(/usr/local/texlive/2013/texmf-dist/tex/latex/l3kernel/l3tl.sty
Package: l3tl 2013/01/08 v4415 L3 Token lists
)
(/usr/local/texlive/2013/texmf-dist/tex/latex/l3kernel/l3seq.sty
Package: l3seq 2013/01/12 v4434 L3 Sequences and stacks
)
(/usr/local/texlive/2013/texmf-dist/tex/latex/l3kernel/l3int.sty
Package: l3int 2013/01/13 v4444 L3 Integers
\c_max_int=\count98
\l_tmpa_int=\count99
\l_tmpb_int=\count100
\g_tmpa_int=\count101
\g_tmpb_int=\count102
)
(/usr/local/texlive/2013/texmf-dist/tex/latex/l3kernel/l3quark.sty
Package: l3quark 2012/11/04 v4268 L3 Quarks
)
(/usr/local/texlive/2013/texmf-dist/tex/latex/l3kernel/l3prg.sty
Package: l3prg 2013/02/13 v4459 L3 Control structures
\g__prg_map_int=\count103
)
(/usr/local/texlive/2013/texmf-dist/tex/latex/l3kernel/l3clist.sty
Package: l3clist 2013/01/08 v4414 L3 Comma separated lists
)
(/usr/local/texlive/2013/texmf-dist/tex/latex/l3kernel/l3token.sty
Package: l3token 2013/01/10 v4428 L3 Experimental token manipulation
)
(/usr/local/texlive/2013/texmf-dist/tex/latex/l3kernel/l3prop.sty
Package: l3prop 2013/01/09 v4423 L3 Property lists
)
(/usr/local/texlive/2013/texmf-dist/tex/latex/l3kernel/l3msg.sty
Package: l3msg 2013/01/08 v4412 L3 Messages
)
(/usr/local/texlive/2013/texmf-dist/tex/latex/l3kernel/l3file.sty
Package: l3file 2013/01/14 v4446 L3 File and I/O operations
\l_iow_line_count_int=\count104
\l__iow_target_count_int=\count105
\l__iow_current_line_int=\count106
\l__iow_current_word_int=\count107
\l__iow_current_indentation_int=\count108
)
(/usr/local/texlive/2013/texmf-dist/tex/latex/l3kernel/l3skip.sty
Package: l3skip 2013/01/13 v4444 L3 Dimensions and skips
\c_zero_dim=\dimen116
\c_max_dim=\dimen117
\l_tmpa_dim=\dimen118
\l_tmpb_dim=\dimen119
\g_tmpa_dim=\dimen120
\g_tmpb_dim=\dimen121
\c_zero_skip=\skip49
\c_max_skip=\skip50
\l_tmpa_skip=\skip51
\l_tmpb_skip=\skip52
\g_tmpa_skip=\skip53
\g_tmpb_skip=\skip54
\c_zero_muskip=\muskip11
\c_max_muskip=\muskip12
\l_tmpa_muskip=\muskip13
\l_tmpb_muskip=\muskip14
\g_tmpa_muskip=\muskip15
\g_tmpb_muskip=\muskip16
)
(/usr/local/texlive/2013/texmf-dist/tex/latex/l3kernel/l3keys.sty
Package: l3keys 2013/02/24 v4461 L3 Experimental key-value interfaces
\g__keyval_level_int=\count109
\l_keys_choice_int=\count110
)
(/usr/local/texlive/2013/texmf-dist/tex/latex/l3kernel/l3fp.sty
Package: l3fp 2013/01/19 v4449 L3 Floating points
\c__fp_leading_shift_int=\count111
\c__fp_middle_shift_int=\count112
\c__fp_trailing_shift_int=\count113
\c__fp_big_leading_shift_int=\count114
\c__fp_big_middle_shift_int=\count115
\c__fp_big_trailing_shift_int=\count116
\c__fp_Bigg_leading_shift_int=\count117
\c__fp_Bigg_middle_shift_int=\count118
\c__fp_Bigg_trailing_shift_int=\count119
)
(/usr/local/texlive/2013/texmf-dist/tex/latex/l3kernel/l3box.sty
Package: l3box 2013/01/08 v4411 L3 Experimental boxes
\c_empty_box=\box26
\l_tmpa_box=\box27
\l_tmpb_box=\box28
\g_tmpa_box=\box29
\g_tmpb_box=\box30
)
(/usr/local/texlive/2013/texmf-dist/tex/latex/l3kernel/l3coffins.sty
Package: l3coffins 2012/09/09 v4212 L3 Coffin code layer
\l__coffin_internal_box=\box31
\l__coffin_internal_dim=\dimen122
\l__coffin_offset_x_dim=\dimen123
\l__coffin_offset_y_dim=\dimen124
\l__coffin_x_dim=\dimen125
\l__coffin_y_dim=\dimen126
\l__coffin_x_prime_dim=\dimen127
\l__coffin_y_prime_dim=\dimen128
\c_empty_coffin=\box32
\l__coffin_aligned_coffin=\box33
\l__coffin_aligned_internal_coffin=\box34
\l_tmpa_coffin=\box35
\l_tmpb_coffin=\box36
\l__coffin_display_coffin=\box37
\l__coffin_display_coord_coffin=\box38
\l__coffin_display_pole_coffin=\box39
\l__coffin_display_offset_dim=\dimen129
\l__coffin_display_x_dim=\dimen130
\l__coffin_display_y_dim=\dimen131
)
(/usr/local/texlive/2013/texmf-dist/tex/latex/l3kernel/l3color.sty
Package: l3color 2012/08/29 v4156 L3 Experimental color support
)
(/usr/local/texlive/2013/texmf-dist/tex/latex/l3kernel/l3luatex.sty
Package: l3luatex 2012/08/03 v4049 L3 Experimental LuaTeX-specific functions
\g__cctab_allocate_int=\count120
\g__cctab_stack_int=\count121
)
(/usr/local/texlive/2013/texmf-dist/tex/latex/l3kernel/l3candidates.sty
Package: l3candidates 2013/03/14 v4468 L3 Experimental additions to l3kernel
\l__box_top_dim=\dimen132
\l__box_bottom_dim=\dimen133
\l__box_left_dim=\dimen134
\l__box_right_dim=\dimen135
\l__box_top_new_dim=\dimen136
\l__box_bottom_new_dim=\dimen137
\l__box_left_new_dim=\dimen138
\l__box_right_new_dim=\dimen139
\l__box_internal_box=\box40
\l__coffin_bounding_shift_dim=\dimen140
\l__coffin_left_corner_dim=\dimen141
\l__coffin_right_corner_dim=\dimen142
\l__coffin_bottom_corner_dim=\dimen143
\l__coffin_top_corner_dim=\dimen144
\l__coffin_scaled_total_height_dim=\dimen145
\l__coffin_scaled_width_dim=\dimen146
)
(/usr/local/texlive/2013/texmf-dist/tex/generic/oberdiek/ifpdf.sty
Package: ifpdf 2011/01/30 v2.3 Provides the ifpdf switch (HO)
Package ifpdf Info: pdfTeX in PDF mode is detected.
))
(/usr/local/texlive/2013/texmf-dist/tex/latex/l3packages/xparse/xparse.sty
Package: xparse 2013/03/12 v4467 L3 Experimental document command parser
\l__xparse_current_arg_int=\count122
\l__xparse_m_args_int=\count123
\l__xparse_mandatory_args_int=\count124
\l__xparse_processor_int=\count125
\l__xparse_v_nesting_int=\count126
)
Package: siunitx 2013/03/11 v2.5q A comprehensive (SI) units package

(/usr/local/texlive/2013/texmf-dist/tex/latex/amsmath/amstext.sty
Package: amstext 2000/06/29 v2.01

(/usr/local/texlive/2013/texmf-dist/tex/latex/amsmath/amsgen.sty
File: amsgen.sty 1999/11/30 v2.0
\@emptytoks=\toks20
\ex@=\dimen147
))
(/usr/local/texlive/2013/texmf-dist/tex/latex/tools/array.sty
Package: array 2008/09/09 v2.4c Tabular extension package (FMi)
\col@sep=\dimen148
\extrarowheight=\dimen149
\NC@list=\toks21
\extratabsurround=\skip55
\backup@length=\skip56
)
(/usr/local/texlive/2013/texmf-dist/tex/latex/l3packages/l3keys2e/l3keys2e.sty
Package: l3keys2e 2013/03/12 v4467 LaTeX2e option processing using LaTeX3 keys
)
Variant \tl_if_blank:VTF already defined; not changing it on line 50
\l__siunitx_tmp_box=\box41
\l__siunitx_tmp_dim=\dimen150
\l__siunitx_tmp_int=\count127
Variant \prop_get:NVNT already defined; not changing it on line 371
Variant \prop_get:NVNF already defined; not changing it on line 372
Variant \prop_get:NVNTF already defined; not changing it on line 373
\l__siunitx_number_mantissa_length_int=\count128
\l__siunitx_number_uncert_length_int=\count129
\l__siunitx_round_int=\count130
\l__siunitx_process_decimal_int=\count131
\l__siunitx_process_uncertainty_int=\count132
\l__siunitx_process_fixed_int=\count133
\l__siunitx_process_integer_min_int=\count134
\l__siunitx_process_precision_int=\count135
\l__siunitx_group_min_int=\count136
\l__siunitx_angle_marker_box=\box42
\l__siunitx_angle_unit_box=\box43
\l__siunitx_angle_marker_dim=\dimen151
\l__siunitx_angle_unit_dim=\dimen152
\l__siunitx_unit_int=\count137
\l__siunitx_unit_denominator_int=\count138
\l__siunitx_unit_numerator_int=\count139
\l__siunitx_unit_prefix_int=\count140
\l__siunitx_unit_prefix_base_int=\count141
\l__siunitx_unit_prefix_gram_int=\count142
\l__siunitx_number_product_int=\count143
\c__siunitx_one_fill_skip=\skip57
\l__siunitx_table_unit_align_skip=\skip58
\l__siunitx_table_exponent_dim=\dimen153
\l__siunitx_table_integer_dim=\dimen154
\l__siunitx_table_mantissa_dim=\dimen155
\l__siunitx_table_marker_dim=\dimen156
\l__siunitx_table_result_dim=\dimen157
\l__siunitx_table_uncert_dim=\dimen158
\l__siunitx_table_fill_pre_dim=\dimen159
\l__siunitx_table_fill_post_dim=\dimen160
\l__siunitx_table_fill_mid_dim=\dimen161
\l__siunitx_table_pre_box=\box44
\l__siunitx_table_post_box=\box45
\l__siunitx_table_mantissa_box=\box46
\l__siunitx_table_result_box=\box47
\l__siunitx_table_number_align_skip=\skip59
\l__siunitx_table_text_align_skip=\skip60
.................................................
. LaTeX info: "xparse/define-command"
. 
. Defining document command \DeclareBinaryPrefix with arg. spec. 'mmm' on line
. 7101.
.................................................
.................................................
. LaTeX info: "xparse/define-command"
. 
. Defining document command \DeclareSIPostPower with arg. spec. 'mm' on line
. 7104.
.................................................
.................................................
. LaTeX info: "xparse/define-command"
. 
. Defining document command \DeclareSIPrefix with arg. spec. 'mmm' on line
. 7107.
.................................................
.................................................
. LaTeX info: "xparse/define-command"
. 
. Defining document command \DeclareSIPrePower with arg. spec. 'mm' on line
. 7110.
.................................................
.................................................
. LaTeX info: "xparse/define-command"
. 
. Defining document command \DeclareSIQualifier with arg. spec. 'mm' on line
. 7113.
.................................................
.................................................
. LaTeX info: "xparse/define-command"
. 
. Defining document command \DeclareSIUnit with arg. spec. 'O{}mm' on line
. 7116.
.................................................
.................................................
. LaTeX info: "xparse/define-command"
. 
. Defining document command \DeclareSIUnitWithOptions with arg. spec. 'mmm' on
. line 7119.
.................................................
.................................................
. LaTeX info: "xparse/define-command"
. 
. Defining document command \ang with arg. spec. 'o>{\SplitArgument {2}{;}}m'
. on line 7134.
.................................................
.................................................
. LaTeX info: "xparse/define-command"
. 
. Defining document command \num with arg. spec. 'om' on line 7142.
.................................................
.................................................
. LaTeX info: "xparse/define-command"
. 
. Defining document command \numlist with arg. spec. 'o>{\SplitList {;}}m' on
. line 7150.
.................................................
.................................................
. LaTeX info: "xparse/define-command"
. 
. Defining document command \numrange with arg. spec. 'omm' on line 7158.
.................................................
.................................................
. LaTeX info: "xparse/define-command"
. 
. Defining document command \SIlist with arg. spec. 'o>{\SplitList {;}}mm' on
. line 7169.
.................................................
.................................................
. LaTeX info: "xparse/define-command"
. 
. Defining document command \SIrange with arg. spec. 'ommm' on line 7180.
.................................................
.................................................
. LaTeX info: "xparse/define-command"
. 
. Defining document command \SI with arg. spec. 'omom' on line 7191.
.................................................
.................................................
. LaTeX info: "xparse/define-command"
. 
. Defining document command \sisetup with arg. spec. 'm' on line 7194.
.................................................
.................................................
. LaTeX info: "xparse/define-command"
. 
. Defining document command \tablenum with arg. spec. 'om' on line 7206.
.................................................
.................................................
. LaTeX info: "xparse/define-command"
. 
. Defining document command \si with arg. spec. 'om' on line 7217.
.................................................
.................................................
. LaTeX info: "xparse/define-command"
. 
. Defining document command \__siunitx_bookmark_num:w with arg. spec. 'om' on
. line 7262.
.................................................
.................................................
. LaTeX info: "xparse/define-command"
. 
. Defining document command \__siunitx_bookmark_numrange:w with arg. spec.
. 'omm' on line 7264.
.................................................
.................................................
. LaTeX info: "xparse/define-command"
. 
. Defining document command \__siunitx_bookmark_SI:w with arg. spec. 'omom' on
. line 7266.
.................................................
.................................................
. LaTeX info: "xparse/define-command"
. 
. Defining document command \__siunitx_bookmark_SIlist:w with arg. spec. 'omm'
. on line 7268.
.................................................
.................................................
. LaTeX info: "xparse/define-command"
. 
. Defining document command \__siunitx_bookmark_SIrange:w with arg. spec.
. 'ommm' on line 7270.
.................................................
.................................................
. LaTeX info: "xparse/define-command"
. 
. Defining document command \__siunitx_bookmark_si:w with arg. spec. 'om' on
. line 7271.
.................................................
\g__file_internal_ior=\read1
(/usr/local/texlive/2013/texmf-dist/tex/latex/beamer/translator/translator.sty
Package: translator 2010/06/12 ver 1.10

(/usr/local/texlive/2013/texmf-dist/tex/latex/beamer/translator/translator-lang
uage-mappings.tex)))
(/usr/local/texlive/2013/texmf-dist/tex/latex/tools/multicol.sty
Package: multicol 2011/06/27 v1.7a multicolumn formatting (FMi)
\c@tracingmulticols=\count144
\mult@box=\box48
\multicol@leftmargin=\dimen162
\c@unbalance=\count145
\c@collectmore=\count146
\doublecol@number=\count147
\multicoltolerance=\count148
\multicolpretolerance=\count149
\full@width=\dimen163
\page@free=\dimen164
\premulticols=\dimen165
\postmulticols=\dimen166
\multicolsep=\skip61
\multicolbaselineskip=\skip62
\partial@page=\box49
\last@line=\box50
\mult@rightbox=\box51
\mult@grightbox=\box52
\mult@gfirstbox=\box53
\mult@firstbox=\box54
\@tempa=\box55
\@tempa=\box56
\@tempa=\box57
\@tempa=\box58
\@tempa=\box59
\@tempa=\box60
\@tempa=\box61
\@tempa=\box62
\@tempa=\box63
\@tempa=\box64
\@tempa=\box65
\@tempa=\box66
\@tempa=\box67
\@tempa=\box68
\@tempa=\box69
\@tempa=\box70
\@tempa=\box71
\c@columnbadness=\count150
\c@finalcolumnbadness=\count151
\last@try=\dimen167
\multicolovershoot=\dimen168
\multicolundershoot=\dimen169
\mult@nat@firstbox=\box72
\colbreak@box=\box73
\multicol@sort@counter=\count152
)
(/usr/local/texlive/2013/texmf-dist/tex/latex/amsmath/amsmath.sty
Package: amsmath 2013/01/14 v2.14 AMS math features
\@mathmargin=\skip63

For additional information on amsmath, use the `?' option.
(/usr/local/texlive/2013/texmf-dist/tex/latex/amsmath/amsbsy.sty
Package: amsbsy 1999/11/29 v1.2d
\pmbraise@=\dimen170
)
(/usr/local/texlive/2013/texmf-dist/tex/latex/amsmath/amsopn.sty
Package: amsopn 1999/12/14 v2.01 operator names
)
\inf@bad=\count153
LaTeX Info: Redefining \frac on input line 210.
\uproot@=\count154
\leftroot@=\count155
LaTeX Info: Redefining \overline on input line 306.
\classnum@=\count156
\DOTSCASE@=\count157
LaTeX Info: Redefining \ldots on input line 378.
LaTeX Info: Redefining \dots on input line 381.
LaTeX Info: Redefining \cdots on input line 466.
\Mathstrutbox@=\box74
\strutbox@=\box75
\big@size=\dimen171
LaTeX Font Info:    Redeclaring font encoding OML on input line 566.
LaTeX Font Info:    Redeclaring font encoding OMS on input line 567.
\macc@depth=\count158
\c@MaxMatrixCols=\count159
\dotsspace@=\muskip17
\c@parentequation=\count160
\dspbrk@lvl=\count161
\tag@help=\toks22
\row@=\count162
\column@=\count163
\maxfields@=\count164
\andhelp@=\toks23
\eqnshift@=\dimen172
\alignsep@=\dimen173
\tagshift@=\dimen174
\tagwidth@=\dimen175
\totwidth@=\dimen176
\lineht@=\dimen177
\@envbody=\toks24
\multlinegap=\skip64
\multlinetaggap=\skip65
\mathdisplay@stack=\toks25
LaTeX Info: Redefining \[ on input line 2665.
LaTeX Info: Redefining \] on input line 2666.
)
(/usr/local/texlive/2013/texmf-dist/tex/latex/overpic/overpic.sty
Package: overpic 2010/09/13 v0.53  Overwriting graphics

Package: overpic v0.53 <2010/09/13> (RN)
(/usr/local/texlive/2013/texmf-dist/tex/latex/eepic/epic.sty
Enhancements to Picture Environment. Version 1.2 - Released June 1, 1986
\@@multicnt=\count165
\d@lta=\count166
\@delta=\dimen178
\@@delta=\dimen179
\@gridcnt=\count167
\@joinkind=\count168
\@dotgap=\dimen180
\@ddotgap=\dimen181
\@x@diff=\count169
\@y@diff=\count170
\x@diff=\dimen182
\y@diff=\dimen183
\@dotbox=\box76
\num@segments=\count171
\num@segmentsi=\count172
\@datafile=\read2
)
overpic: relative positioning in percent
)

LaTeX Warning: Unused global option(s):
    [journal].

(./SPIE_2014_lukasc_v2b.aux

LaTeX Warning: Label `INT_ONA_DCring' multiply defined.


LaTeX Warning: Label `sub@INT_ONA_DCring' multiply defined.

)
\openout1 = `SPIE_2014_lukasc_v2b.aux'.

LaTeX Font Info:    Checking defaults for OML/cmm/m/it on input line 27.
LaTeX Font Info:    ... okay on input line 27.
LaTeX Font Info:    Checking defaults for T1/cmr/m/n on input line 27.
LaTeX Font Info:    ... okay on input line 27.
LaTeX Font Info:    Checking defaults for OT1/cmr/m/n on input line 27.
LaTeX Font Info:    ... okay on input line 27.
LaTeX Font Info:    Checking defaults for OMS/cmsy/m/n on input line 27.
LaTeX Font Info:    ... okay on input line 27.
LaTeX Font Info:    Checking defaults for OMX/cmex/m/n on input line 27.
LaTeX Font Info:    ... okay on input line 27.
LaTeX Font Info:    Checking defaults for U/cmr/m/n on input line 27.
LaTeX Font Info:    ... okay on input line 27.
LaTeX Font Info:    Try loading font information for OT1+ptm on input line 27.
 (/usr/local/texlive/2013/texmf-dist/tex/latex/psnfss/ot1ptm.fd
File: ot1ptm.fd 2001/06/04 font definitions for OT1/ptm.
)
Package caption Info: Begin \AtBeginDocument code.
Package caption Info: subfig package v1.3 is loaded.
Package caption Info: End \AtBeginDocument code.

(/usr/local/texlive/2013/texmf-dist/tex/context/base/supp-pdf.mkii
[Loading MPS to PDF converter (version 2006.09.02).]
\scratchcounter=\count173
\scratchdimen=\dimen184
\scratchbox=\box77
\nofMPsegments=\count174
\nofMParguments=\count175
\everyMPshowfont=\toks26
\MPscratchCnt=\count176
\MPscratchDim=\dimen185
\MPnumerator=\count177
\makeMPintoPDFobject=\count178
\everyMPtoPDFconversion=\toks27
) (/usr/local/texlive/2013/texmf-dist/tex/generic/oberdiek/pdftexcmds.sty
Package: pdftexcmds 2011/11/29 v0.20 Utility functions of pdfTeX for LuaTeX (HO
)

(/usr/local/texlive/2013/texmf-dist/tex/generic/oberdiek/ifluatex.sty
Package: ifluatex 2010/03/01 v1.3 Provides the ifluatex switch (HO)
Package ifluatex Info: LuaTeX not detected.
)
Package pdftexcmds Info: LuaTeX not detected.
Package pdftexcmds Info: \pdf@primitive is available.
Package pdftexcmds Info: \pdf@ifprimitive is available.
Package pdftexcmds Info: \pdfdraftmode found.
)
(/usr/local/texlive/2013/texmf-dist/tex/latex/oberdiek/epstopdf-base.sty
Package: epstopdf-base 2010/02/09 v2.5 Base part for package epstopdf

(/usr/local/texlive/2013/texmf-dist/tex/latex/oberdiek/grfext.sty
Package: grfext 2010/08/19 v1.1 Manage graphics extensions (HO)

(/usr/local/texlive/2013/texmf-dist/tex/generic/oberdiek/kvdefinekeys.sty
Package: kvdefinekeys 2011/04/07 v1.3 Define keys (HO)
))
(/usr/local/texlive/2013/texmf-dist/tex/latex/oberdiek/kvoptions.sty
Package: kvoptions 2011/06/30 v3.11 Key value format for package options (HO)

(/usr/local/texlive/2013/texmf-dist/tex/generic/oberdiek/kvsetkeys.sty
Package: kvsetkeys 2012/04/25 v1.16 Key value parser (HO)

(/usr/local/texlive/2013/texmf-dist/tex/generic/oberdiek/etexcmds.sty
Package: etexcmds 2011/02/16 v1.5 Avoid name clashes with e-TeX commands (HO)
Package etexcmds Info: Could not find \expanded.
(etexcmds)             That can mean that you are not using pdfTeX 1.50 or
(etexcmds)             that some package has redefined \expanded.
(etexcmds)             In the latter case, load this package earlier.
)))
Package grfext Info: Graphics extension search list:
(grfext)             [.png,.pdf,.jpg,.mps,.jpeg,.jbig2,.jb2,.PNG,.PDF,.JPG,.JPE
G,.JBIG2,.JB2,.eps]
(grfext)             \AppendGraphicsExtensions on input line 452.

(/usr/local/texlive/2013/texmf-dist/tex/latex/latexconfig/epstopdf-sys.cfg
File: epstopdf-sys.cfg 2010/07/13 v1.3 Configuration of (r)epstopdf for TeX Liv
e
))
(/usr/local/texlive/2013/texmf-dist/tex/latex/beamer/translator/dicts/translato
r-basic-dictionary/translator-basic-dictionary-English.dict
Dictionary: translator-basic-dictionary, Language: English 
)
(/usr/local/texlive/2013/texmf-dist/tex/latex/siunitx/config/siunitx-abbreviati
ons.cfg
File: siunitx-abbreviations.cfg 2013/03/11 v2.5q siunitx: Abbreviated units
)
\c__siunitx_mathsf_int=\count179
\c__siunitx_mathtt_int=\count180

ptm-font_in_spiecls
LaTeX Font Info:    Font shape `OT1/ptm/bx/n' in size <16> not available
(Font)              Font shape `OT1/ptm/b/n' tried instead on input line 52.
LaTeX Font Info:    Font shape `OT1/ptm/bx/n' in size <10.95> not available
(Font)              Font shape `OT1/ptm/b/n' tried instead on input line 54.
LaTeX Font Info:    Try loading font information for OT1+pcr on input line 56.
(/usr/local/texlive/2013/texmf-dist/tex/latex/psnfss/ot1pcr.fd
File: ot1pcr.fd 2001/06/04 font definitions for OT1/pcr.
)
LaTeX Font Info:    Font shape `OT1/ptm/bx/n' in size <10> not available
(Font)              Font shape `OT1/ptm/b/n' tried instead on input line 60.

<../figs/SiliconPhotonicsDesign_Overview-crop.pdf, id=1, 704.6325pt x 530.98375
pt>
File: ../figs/SiliconPhotonicsDesign_Overview-crop.pdf Graphic file (type pdf)
 <use ../figs/SiliconPhotonicsDesign_Overview-crop.pdf>
Package pdftex.def Info: ../figs/SiliconPhotonicsDesign_Overview-crop.pdf used 
on input line 75.
(pdftex.def)             Requested size: 341.47424pt x 257.31615pt.
 [1

{/usr/local/texlive/2013/texmf-var/fonts/map/pdftex/updmap/pdftex.map}]
LaTeX Font Info:    Try loading font information for OMS+ptm on input line 92.

(/usr/local/texlive/2013/texmf-dist/tex/latex/psnfss/omsptm.fd
File: omsptm.fd 
)
LaTeX Font Info:    Font shape `OMS/ptm/m/n' in size <10> not available
(Font)              Font shape `OMS/cmsy/m/n' tried instead on input line 92.
 [2 <../figs/SiliconPhotonicsDesign_Overview-crop.pdf>]
<../figs/symbol_GC.png, id=106, 1655.18375pt x 823.075pt>
File: ../figs/symbol_GC.png Graphic file (type png)

<use ../figs/symbol_GC.png>
Package pdftex.def Info: ../figs/symbol_GC.png used on input line 117.
(pdftex.def)             Requested size: 146.34824pt x 72.7674pt.

<../figs/symbol_BondPad.png, id=108, 989.6975pt x 850.17625pt>
File: ../figs/symbol_BondPad.png Graphic file (type png)

<use ../figs/symbol_BondPad.png>
Package pdftex.def Info: ../figs/symbol_BondPad.png used on input line 118.
(pdftex.def)             Requested size: 107.32153pt x 92.18349pt.

<../figs/symbol_YBranch.png, id=109, 1050.92625pt x 835.12pt>
File: ../figs/symbol_YBranch.png Graphic file (type png)

<use ../figs/symbol_YBranch.png>
Package pdftex.def Info: ../figs/symbol_YBranch.png used on input line 119.
(pdftex.def)             Requested size: 146.34824pt x 116.2916pt.

<../figs/symbol_RingMod.png, id=110, 421.575pt x 822.07124pt>
File: ../figs/symbol_RingMod.png Graphic file (type png)

<use ../figs/symbol_RingMod.png>
Package pdftex.def Info: ../figs/symbol_RingMod.png used on input line 120.
(pdftex.def)             Requested size: 97.563pt x 190.23897pt.

<../figs/schematic_wdm2tx.png, id=111, 1705.37125pt x 725.71124pt>
File: ../figs/schematic_wdm2tx.png Graphic file (type png)

<use ../figs/schematic_wdm2tx.png>
Package pdftex.def Info: ../figs/schematic_wdm2tx.png used on input line 140.
(pdftex.def)             Requested size: 487.8225pt x 207.58284pt.
 [3] [4 <../figs/symbol_GC.png> <../figs/symbol_BondPad.png> <../figs/symbol_YB
ranch.png> <../figs/symbol_RingMod.png> <../figs/schematic_wdm2tx.png>]
LaTeX Font Info:    Font shape `OT1/ptm/bx/n' in size <7> not available
(Font)              Font shape `OT1/ptm/b/n' tried instead on input line 162.


LaTeX Warning: Citation `fiers2012time-domain' on page 5 undefined on input lin
e 162.


LaTeX Warning: Citation `melati2012validation' on page 5 undefined on input lin
e 162.


LaTeX Warning: Citation `shibata1998generalized-scattering-matrix' on page 5 un
defined on input line 162.


LaTeX Warning: Citation `wartak2013computational' on page 5 undefined on input 
line 164.


LaTeX Warning: Citation `fiers2012time-domain' on page 5 undefined on input lin
e 164.


LaTeX Warning: Citation `pinguet2011cmos' on page 5 undefined on input line 164
.


LaTeX Warning: Citation `fiers2012time-domain' on page 5 undefined on input lin
e 164.


LaTeX Warning: Citation `pinguet2011cmos' on page 5 undefined on input line 176
.


LaTeX Warning: Citation `gunupudi2010self-consistent' on page 5 undefined on in
put line 176.

[5]

LaTeX Warning: Citation `wang2013universal' on page 6 undefined on input line 1
91.


LaTeX Warning: Citation `gustavsen1999rational' on page 6 undefined on input li
ne 199.


LaTeX Warning: Citation `zeng2006modified' on page 6 undefined on input line 19
9.

[6] [7] <../figs/DC_diagram.png, id=134, 1231.60126pt x 876.27374pt>
File: ../figs/DC_diagram.png Graphic file (type png)

<use ../figs/DC_diagram.png>
Package pdftex.def Info: ../figs/DC_diagram.png used on input line 278.
(pdftex.def)             Requested size: 195.126pt x 138.82945pt.

<../figs/Picture1.png, id=135, 425.4294pt x 378.6948pt>
File: ../figs/Picture1.png Graphic file (type png)

<use ../figs/Picture1.png>
Package pdftex.def Info: ../figs/Picture1.png used on input line 282.
(pdftex.def)             Requested size: 195.126pt x 173.6932pt.
 [8 <../figs/DC_diagram.png> <../figs/Picture1.png>]

LaTeX Warning: Citation `gustavsen2008fast' on page 9 undefined on input line 3
08.


LaTeX Warning: Citation `gustavsen1999rational' on page 9 undefined on input li
ne 309.


LaTeX Warning: Citation `gustavsen2006improving' on page 9 undefined on input l
ine 309.


LaTeX Warning: Citation `deschrijver2008macromodeling' on page 9 undefined on i
nput line 309.


LaTeX Warning: Citation `gustavsen2010fast' on page 9 undefined on input line 3
15.


LaTeX Warning: Citation `gustavsen2002computer' on page 9 undefined on input li
ne 316.


<../figs/DC_ringmod_type1_R=10,gap=180,Lc=0,wg=500,lambda=1550,mesh=2,angle=30,
mat_abs_S21_S11_spie.pdf, id=143, 530.98375pt x 416.55624pt>
File: ../figs/DC_ringmod_type1_R=10,gap=180,Lc=0,wg=500,lambda=1550,mesh=2,angl
e=30,mat_abs_S21_S11_spie.pdf Graphic file (type pdf)

<use ../figs/DC_ringmod_type1_R=10,gap=180,Lc=0,wg=500,lambda=1550,mesh=2,angle
=30,mat_abs_S21_S11_spie.pdf>
Package pdftex.def Info: ../figs/DC_ringmod_type1_R=10,gap=180,Lc=0,wg=500,lamb
da=1550,mesh=2,angle=30,mat_abs_S21_S11_spie.pdf used on input line 329.
(pdftex.def)             Requested size: 234.15271pt x 183.6921pt.

<../figs/DC_ringmod_type1_R=10,gap=180,Lc=0,wg=500,lambda=1550,mesh=2,angle=30_
passivitytest3.pdf, id=144, page=1, 525.965pt x 397.485pt>
File: ../figs/DC_ringmod_type1_R=10,gap=180,Lc=0,wg=500,lambda=1550,mesh=2,angl
e=30_passivitytest3.pdf Graphic file (type pdf)

<use ../figs/DC_ringmod_type1_R=10,gap=180,Lc=0,wg=500,lambda=1550,mesh=2,angle
=30_passivitytest3.pdf, page 1>
Package pdftex.def Info: ../figs/DC_ringmod_type1_R=10,gap=180,Lc=0,wg=500,lamb
da=1550,mesh=2,angle=30_passivitytest3.pdf, page1 used on input line 331.
(pdftex.def)             Requested size: 234.15271pt x 176.95607pt.

<../figs/INT_ONA_DCring2.png, id=145, 1227.58624pt x 845.1575pt>
File: ../figs/INT_ONA_DCring2.png Graphic file (type png)

<use ../figs/INT_ONA_DCring2.png>
Package pdftex.def Info: ../figs/INT_ONA_DCring2.png used on input line 340.
(pdftex.def)             Requested size: 243.91124pt x 167.91945pt.

<../figs/a_1.pdf, id=146, 549.05125pt x 403.5075pt>
File: ../figs/a_1.pdf Graphic file (type pdf)
 <use ../figs/a_1.pdf>
Package pdftex.def Info: ../figs/a_1.pdf used on input line 342.
(pdftex.def)             Requested size: 146.34824pt x 107.55083pt.

[9 <../figs/DC_ringmod_type1_R=10,gap=180,Lc=0,wg=500,lambda=1550,mesh=2,angle=
30,mat_abs_S21_S11_spie.pdf> <../figs/DC_ringmod_type1_R=10,gap=180,Lc=0,wg=500
,lambda=1550,mesh=2,angle=30_passivitytest3.pdf>]
<../figs/layout_wdm2tx_unrouted.png, id=169, 1469.49pt x 756.8275pt>
File: ../figs/layout_wdm2tx_unrouted.png Graphic file (type png)

<use ../figs/layout_wdm2tx_unrouted.png>
Package pdftex.def Info: ../figs/layout_wdm2tx_unrouted.png used on input line 
373.
(pdftex.def)             Requested size: 341.47424pt x 175.86818pt.

<../figs/layout_wdm2tx_routed.png, id=170, 1463.4675pt x 755.82375pt>
File: ../figs/layout_wdm2tx_routed.png Graphic file (type png)

<use ../figs/layout_wdm2tx_routed.png>
Package pdftex.def Info: ../figs/layout_wdm2tx_routed.png used on input line 38
2.
(pdftex.def)             Requested size: 341.47424pt x 176.34998pt.
 [10 <../figs/INT_ONA_DCring2.png> <../figs/a_1.pdf> <../figs/layout_wdm2tx_unr
outed.png>]

LaTeX Warning: Citation `bogaerts2011compact' on page 11 undefined on input lin
e 389.


LaTeX Warning: Citation `cherchi2013dramatic' on page 11 undefined on input lin
e 389.

<../figs/Bends1-key-crop.pdf, id=184, page=1, 221.82875pt x 222.8325pt>
File: ../figs/Bends1-key-crop.pdf Graphic file (type pdf)

<use ../figs/Bends1-key-crop.pdf, page 1>
Package pdftex.def Info: ../figs/Bends1-key-crop.pdf, page1 used on input line 
392.
(pdftex.def)             Requested size: 97.563pt x 98.0024pt.

<../figs/Bends1-key-crop.pdf, id=185, page=2, 221.82875pt x 221.82875pt>
File: ../figs/Bends1-key-crop.pdf Graphic file (type pdf)

<use ../figs/Bends1-key-crop.pdf, page 2>
Package pdftex.def Info: ../figs/Bends1-key-crop.pdf, page2 used on input line 
393.
(pdftex.def)             Requested size: 97.563pt x 97.56093pt.

<../figs/Bends1-key-crop.pdf, id=186, page=3, 221.82875pt x 221.82875pt>
File: ../figs/Bends1-key-crop.pdf Graphic file (type pdf)

<use ../figs/Bends1-key-crop.pdf, page 3>
Package pdftex.def Info: ../figs/Bends1-key-crop.pdf, page3 used on input line 
394.
(pdftex.def)             Requested size: 97.563pt x 97.56093pt.

<../figs/bezier_bendloss1.pdf, id=187, 525.965pt x 409.53pt>
File: ../figs/bezier_bendloss1.pdf Graphic file (type pdf)

<use ../figs/bezier_bendloss1.pdf>
Package pdftex.def Info: ../figs/bezier_bendloss1.pdf used on input line 404.
(pdftex.def)             Requested size: 243.91124pt x 189.91707pt.


LaTeX Warning: Citation `bogaerts2011compact' on page 11 undefined on input lin
e 410.


LaTeX Warning: Citation `li2012ultralow-loss' on page 11 undefined on input lin
e 410.


LaTeX Warning: Citation `bogaerts2011compact' on page 11 undefined on input lin
e 410.


LaTeX Warning: Citation `li2012ultralow-loss' on page 11 undefined on input lin
e 410.

[11 <../figs/layout_wdm2tx_routed.png> <../figs/Bends1-key-crop.pdf> <../figs/B
ends1-key-crop.pdf> <../figs/Bends1-key-crop.pdf>]

LaTeX Warning: Citation `bogaerts2007low-loss' on page 12 undefined on input li
ne 414.


LaTeX Warning: Citation `zhang2013a-cmos-compatible' on page 12 undefined on in
put line 414.


LaTeX Warning: Citation `bogaerts2007low-loss' on page 12 undefined on input li
ne 414.

<../figs/layout_wdm2tx_done.png, id=234, 1456.44125pt x 757.83125pt>
File: ../figs/layout_wdm2tx_done.png Graphic file (type png)

<use ../figs/layout_wdm2tx_done.png>
Package pdftex.def Info: ../figs/layout_wdm2tx_done.png used on input line 420.

(pdftex.def)             Requested size: 341.47424pt x 177.67407pt.

<../figs/DRC2a.png, id=235, 1927.2pt x 1204.5pt>
File: ../figs/DRC2a.png Graphic file (type png)
 <use ../figs/DRC2a.png>
Package pdftex.def Info: ../figs/DRC2a.png used on input line 434.
(pdftex.def)             Requested size: 229.27716pt x 143.28398pt.

<../figs/DRC2b.png, id=236, 1927.2pt x 1204.5pt>
File: ../figs/DRC2b.png Graphic file (type png)
 <use ../figs/DRC2b.png>
Package pdftex.def Info: ../figs/DRC2b.png used on input line 435.
(pdftex.def)             Requested size: 229.27716pt x 143.28398pt.

[12 <../figs/bezier_bendloss1.pdf> <../figs/layout_wdm2tx_done.png>]

LaTeX Warning: Citation `wang2011uniform' on page 13 undefined on input line 45
2.


LaTeX Warning: Citation `wang2011uniform' on page 13 undefined on input line 45
2.


LaTeX Warning: Citation `bogaerts2008closed-loop' on page 13 undefined on input
 line 452.


LaTeX Warning: Citation `adam2003improved' on page 13 undefined on input line 4
52.


LaTeX Warning: Citation `wang2012lithography' on page 13 undefined on input lin
e 452.


LaTeX Warning: Citation `cooper2010235-ring' on page 13 undefined on input line
 457.


LaTeX Warning: Citation `zortman2010silicon' on page 13 undefined on input line
 457.


LaTeX Warning: Citation `krishnamoorthy2011exploiting' on page 13 undefined on 
input line 457.


LaTeX Warning: Citation `selvaraja2010subnanometer' on page 13 undefined on inp
ut line 457.


LaTeX Warning: Citation `wang2012narrow-band' on page 13 undefined on input lin
e 457.


LaTeX Warning: Citation `chrostowski2014impact' on page 13 undefined on input l
ine 459.

[13 <../figs/DRC2a.png> <../figs/DRC2b.png>]
No file SPIE_2014_lukasc_v2b.bbl.
[14] (./SPIE_2014_lukasc_v2b.aux)

LaTeX Warning: There were undefined references.


LaTeX Warning: There were multiply-defined labels.

 ) 
Here is how much of TeX's memory you used:
 12479 strings out of 493315
 263685 string characters out of 6137904
 262085 words of memory out of 5000000
 15724 multiletter control sequences out of 15000+600000
 29905 words of font info for 66 fonts, out of 8000000 for 9000
 957 hyphenation exceptions out of 8191
 44i,9n,47p,1582b,583s stack positions out of 5000i,500n,10000p,200000b,80000s
{/usr/local/texlive/2013/texmf-dist/fonts/enc/dvips/base/8r.enc}</usr/local/t
exlive/2013/texmf-dist/fonts/type1/public/amsfonts/cm/cmbx10.pfb></usr/local/te
xlive/2013/texmf-dist/fonts/type1/public/amsfonts/cm/cmex10.pfb></usr/local/tex
live/2013/texmf-dist/fonts/type1/public/amsfonts/cm/cmmi10.pfb></usr/local/texl
ive/2013/texmf-dist/fonts/type1/public/amsfonts/cm/cmmi7.pfb></usr/local/texliv
e/2013/texmf-dist/fonts/type1/public/amsfonts/cm/cmr10.pfb></usr/local/texlive/
2013/texmf-dist/fonts/type1/public/amsfonts/cm/cmr7.pfb></usr/local/texlive/201
3/texmf-dist/fonts/type1/public/amsfonts/cm/cmsy10.pfb></usr/local/texlive/2013
/texmf-dist/fonts/type1/public/amsfonts/cm/cmsy6.pfb></usr/local/texlive/2013/t
exmf-dist/fonts/type1/public/amsfonts/cm/cmsy7.pfb></usr/local/texlive/2013/tex
mf-dist/fonts/type1/urw/courier/ucrr8a.pfb></usr/local/texlive/2013/texmf-dist/
fonts/type1/urw/times/utmb8a.pfb></usr/local/texlive/2013/texmf-dist/fonts/type
1/urw/times/utmr8a.pfb></usr/local/texlive/2013/texmf-dist/fonts/type1/urw/time
s/utmri8a.pfb>
Output written on SPIE_2014_lukasc_v2b.pdf (14 pages, 2111169 bytes).
PDF statistics:
 301 PDF objects out of 1000 (max. 8388607)
 191 compressed objects within 2 object streams
 0 named destinations out of 1000 (max. 500000)
 106 words of extra memory for PDF output out of 10000 (max. 10000000)

